2006-10-09T11:31:20 Checking update-file '/usr/share/apps/kconf_update/audiocd.upd' for new updates
2006-10-09T11:31:20 audiocd.upd: Found new update '1'
2006-10-09T11:31:20 audiocd.upd: Running script 'upgrade-metadata.sh'
2006-10-09T11:31:20 Checking update-file '/usr/share/apps/kconf_update/cervisia.upd' for new updates
2006-10-09T11:31:20 cervisia.upd: Found new update 'kde3.2/20021228'
2006-10-09T11:31:20 cervisia.upd: Found new update 'kde3.2/20021229'
2006-10-09T11:31:20 cervisia.upd: Running script 'move_repositories.pl'
2006-10-09T11:31:20 cervisia.upd: Found new update 'kde3.2/20030116'
2006-10-09T11:31:20 cervisia.upd: Found new update 'kde3.2/20030117'
2006-10-09T11:31:20 cervisia.upd: Found new update 'kde3.2/20030118'
2006-10-09T11:31:20 cervisia.upd: Skipping update 'kde3.2/20030118'
2006-10-09T11:31:20 cervisia.upd: Found new update 'kde3.2/20030205'
2006-10-09T11:31:20 cervisia.upd: Found new update 'kde3.2/20030210'
2006-10-09T11:31:20 cervisia.upd: Found new update 'kde3.2/20030211'
2006-10-09T11:31:20 cervisia.upd: Found new update 'kde3.2/20030212'
2006-10-09T11:31:20 cervisia.upd: Found new update 'kde3.2/20030216'
2006-10-09T11:31:20 cervisia.upd: Found new update 'kde3.2/20030725'
2006-10-09T11:31:20 cervisia.upd: Found new update 'kde3.2/20030730'
2006-10-09T11:31:20 cervisia.upd: Running script 'change_colors.pl'
2006-10-09T11:31:20 cervisia.upd: Found new update 'kde3.2/20030829'
2006-10-09T11:31:20 cervisia.upd: Found new update 'kde3.2/20031014'
2006-10-09T11:31:20 cervisia.upd: Found new update 'kde3.4/20041112'
2006-10-09T11:31:20 cervisia.upd: Running script 'cervisia-normalize_cvsroot.pl'
2006-10-09T11:31:20 cervisia.upd: Found new update 'kde3.4/20041207'
2006-10-09T11:31:20 cervisia.upd: Running script 'cervisia-change_repos_list.pl'
2006-10-09T11:31:21 Checking update-file '/usr/share/apps/kconf_update/favicons.upd' for new updates
2006-10-09T11:31:21 favicons.upd: Found new update 'kde3_2'
2006-10-09T11:31:21 favicons.upd: Running script 'move_favicons.sh'
2006-10-09T11:31:21 Checking update-file '/usr/share/apps/kconf_update/gwenview_thumbnail_size.upd' for new updates
2006-10-09T11:31:21 gwenview_thumbnail_size.upd: Found new update 'gwenview_thumbnail_size'
2006-10-09T11:31:21 gwenview_thumbnail_size.upd: Running script 'gwenview_thumbnail_size.sh'
2006-10-09T11:31:21 Checking update-file '/usr/share/apps/kconf_update/kaccel.upd' for new updates
2006-10-09T11:31:21 kaccel.upd: Found new update 'kde3.3/r1'
2006-10-09T11:31:21 kaccel.upd: Running script 'convertShortcuts.pl'
2006-10-09T11:31:21 Checking update-file '/usr/share/apps/kconf_update/kate-2.4.upd' for new updates
2006-10-09T11:31:21 kate-2.4.upd: Found new update 'kate2.4'
2006-10-09T11:31:21 Checking update-file '/usr/share/apps/kconf_update/kaudiocreator-libkcddb.upd' for new updates
2006-10-09T11:31:21 kaudiocreator-libkcddb.upd: Found new update 'kaudiocreator-libkcddb'
2006-10-09T11:31:21 Checking update-file '/usr/share/apps/kconf_update/kaudiocreator-meta.upd' for new updates
2006-10-09T11:31:21 kaudiocreator-meta.upd: Found new update '3'
2006-10-09T11:31:21 kaudiocreator-meta.upd: Running script 'upgrade-kaudiocreator-metadata.sh'
2006-10-09T11:31:21 Checking update-file '/usr/share/apps/kconf_update/kbabel-difftoproject.upd' for new updates
2006-10-09T11:31:21 kbabel-difftoproject.upd: Found new update 'kde34'
2006-10-09T11:31:22 Checking update-file '/usr/share/apps/kconf_update/kbabel-project.upd' for new updates
2006-10-09T11:31:22 kbabel-project.upd: Found new update 'kde33'
2006-10-09T11:31:22 Checking update-file '/usr/share/apps/kconf_update/kbabel-projectrename.upd' for new updates
2006-10-09T11:31:22 kbabel-projectrename.upd: Found new update 'kde34'
2006-10-09T11:31:22 kbabel-projectrename.upd: parse error in line 4 : 'Author-Email,AuthorEmail'
2006-10-09T11:31:22 kbabel-projectrename.upd: parse error in line 5 : 'Author-Name,AuthorName'
2006-10-09T11:31:22 kbabel-projectrename.upd: parse error in line 6 : 'Local-Author-Name,LocalAuthorName'
2006-10-09T11:31:22 kbabel-projectrename.upd: parse error in line 7 : 'Update-Charset,UpdateCharset'
2006-10-09T11:31:22 kbabel-projectrename.upd: parse error in line 8 : 'Update-Encoding,UpdateEncoding'
2006-10-09T11:31:22 kbabel-projectrename.upd: parse error in line 9 : 'Update-Language-Team,UpdateLanguageTeam'
2006-10-09T11:31:22 kbabel-projectrename.upd: parse error in line 10 : 'Update-Last-Translator,UpdateLastTranslator'
2006-10-09T11:31:22 kbabel-projectrename.upd: parse error in line 11 : 'Update-Project,UpdateProject'
2006-10-09T11:31:22 kbabel-projectrename.upd: parse error in line 12 : 'Update-Revision,UpdateRevision'
2006-10-09T11:31:22 Checking update-file '/usr/share/apps/kconf_update/kcalcrc.upd' for new updates
2006-10-09T11:31:22 kcalcrc.upd: Found new update 'KDE_3_2_0'
2006-10-09T11:31:22 Checking update-file '/usr/share/apps/kconf_update/kcmcddb-emailsettings.upd' for new updates
2006-10-09T11:31:22 kcmcddb-emailsettings.upd: Found new update 'kcmcddb_emailsettings'
2006-10-09T11:31:22 Checking update-file '/usr/share/apps/kconf_update/kcmdisplayrc.upd' for new updates
2006-10-09T11:31:22 kcmdisplayrc.upd: Found new update 'kde3'
2006-10-09T11:31:22 Checking update-file '/usr/share/apps/kconf_update/kcookiescfg.upd' for new updates
2006-10-09T11:31:22 kcookiescfg.upd: Found new update 'kde2.2/b1'
2006-10-09T11:31:22 kcookiescfg.upd: Found new update 'kde3.1/cvs'
2006-10-09T11:31:22 Checking update-file '/usr/share/apps/kconf_update/kded.upd' for new updates
2006-10-09T11:31:22 kded.upd: Found new update 'kde3.0'
2006-10-09T11:31:22 Checking update-file '/usr/share/apps/kconf_update/kdeprintrc.upd' for new updates
2006-10-09T11:31:22 kdeprintrc.upd: Found new update 'kde-3.1-toolbar'
2006-10-09T11:31:22 kdeprintrc.upd: Skipping kdeprintrc:General:ViewMenuBar, already exists.
2006-10-09T11:31:22 kdeprintrc.upd: RemoveKey removes kdeprintrc:General:ViewToolBar
2006-10-09T11:31:22 Checking update-file '/usr/share/apps/kconf_update/kdev-gen-settings.upd' for new updates
2006-10-09T11:31:22 kdev-gen-settings.upd: Found new update 'kdev-gen-settings-update/5'
2006-10-09T11:31:22 kdev-gen-settings.upd: Running script 'kdev-gen-settings-kconf_update'
2006-10-09T11:31:22 Checking update-file '/usr/share/apps/kconf_update/kfmclient_3_2.upd' for new updates
2006-10-09T11:31:22 kfmclient_3_2.upd: Found new update 'kfmclient_3_2'
2006-10-09T11:31:22 kfmclient_3_2.upd: Running script 'kfmclient_3_2_update.sh'
2006-10-09T11:31:22 kfmclient_3_2.upd: Script removes kfmclientrc:Settings:StartNewKonqueror
2006-10-09T11:31:22 Checking update-file '/usr/share/apps/kconf_update/kghostview.upd' for new updates
2006-10-09T11:31:22 kghostview.upd: Found new update '1changeToKConfigXT'
2006-10-09T11:31:22 kghostview.upd: Found new update '2changeToKConfigXT'
2006-10-09T11:31:22 kghostview.upd: Running script 'update-to-xt-names.pl'
2006-10-09T11:31:22 Checking update-file '/usr/share/apps/kconf_update/khotkeys_32b1_update.upd' for new updates
2006-10-09T11:31:22 khotkeys_32b1_update.upd: Found new update 'kde32b1'
2006-10-09T11:31:22 khotkeys_32b1_update.upd: Running script 'khotkeys_update' with arguments '--id kde32b1'
2006-10-09T11:31:23 [Script] X Error: BadDevice, invalid or uninitialized input device 166
2006-10-09T11:31:23 [Script]   Major opcode:  144
2006-10-09T11:31:23 [Script]   Minor opcode:  3
2006-10-09T11:31:23 [Script]   Resource id:  0x0
2006-10-09T11:31:23 [Script] Failed to open device
2006-10-09T11:31:23 [Script] X Error: BadDevice, invalid or uninitialized input device 166
2006-10-09T11:31:23 [Script]   Major opcode:  144
2006-10-09T11:31:23 [Script]   Minor opcode:  3
2006-10-09T11:31:23 [Script]   Resource id:  0x0
2006-10-09T11:31:23 [Script] Failed to open device
2006-10-09T11:31:23 Checking update-file '/usr/share/apps/kconf_update/kickerrc.upd' for new updates
2006-10-09T11:31:23 kickerrc.upd: Found new update 'kde_3_1_sizeChanges'
2006-10-09T11:31:23 kickerrc.upd: Running script 'kicker-3.1-properSizeSetting.pl'
2006-10-09T11:31:23 kickerrc.upd: Found new update 'kde_3_4_reverseLayout'
2006-10-09T11:31:23 kickerrc.upd: Running script 'kicker-3.4-reverseLayout'
2006-10-09T11:31:23 kickerrc.upd: Found new update 'kde_3_5_taskbarEnums'
2006-10-09T11:31:23 kickerrc.upd: Running script 'kicker-3.5-taskbarEnums.pl'
2006-10-09T11:31:24 kickerrc.upd: Found new update 'kde_3_5_kconfigXTize'
2006-10-09T11:31:24 kickerrc.upd: Running script 'kicker-3.5-kconfigXTize.pl'
2006-10-09T11:31:24 kickerrc.upd: Updating kickerrc:menus:MenuEntryFormat to 'NameAndDescription'
2006-10-09T11:31:24 Checking update-file '/usr/share/apps/kconf_update/kio_help.upd' for new updates
2006-10-09T11:31:24 kio_help.upd: Found new update 'kde3_2'
2006-10-09T11:31:24 kio_help.upd: Running script 'move_kio_help_cache.sh'
2006-10-09T11:31:24 [Script] mv: no se puede efectuar `stat' sobre `/home/madrid/.kde/share/apps/kio_help/cache': No existe el fichero รณ directorio
2006-10-09T11:31:24 [Script] rmdir: /home/madrid/.kde/share/apps/kio_help: No existe el fichero รณ directorio
2006-10-09T11:31:24 Checking update-file '/usr/share/apps/kconf_update/kioslave.upd' for new updates
2006-10-09T11:31:24 kioslave.upd: Found new update 'kde2.2/r1'
2006-10-09T11:31:24 kioslave.upd: Skipping update 'kde2.2/r1'
2006-10-09T11:31:24 kioslave.upd: Found new update 'kde2.2/r2'
2006-10-09T11:31:24 kioslave.upd: Running script 'useragent.pl'
2006-10-09T11:31:24 kioslave.upd: Script removes kioslaverc:UserAgent:EntriesCount
2006-10-09T11:31:24 kioslave.upd: Found new update 'kde2.2/r3'
2006-10-09T11:31:24 kioslave.upd: Running script 'proxytype.pl'
2006-10-09T11:31:25 kioslave.upd: Script removes kioslaverc:Proxy Settings:UseProxy
2006-10-09T11:31:25 Checking update-file '/usr/share/apps/kconf_update/klipperrc.upd' for new updates
2006-10-09T11:31:25 klipperrc.upd: Found new update '25082001'
2006-10-09T11:31:25 klipperrc.upd: Running script 'klipper-1-2.pl'
2006-10-09T11:31:25 klipperrc.upd: Found new update 'kde3.1'
2006-10-09T11:31:25 klipperrc.upd: Running script 'klipper-kde31.sh'
2006-10-09T11:31:25 klipperrc.upd: Updating klipperrc:General:AutoStart to 'true'
2006-10-09T11:31:25 Checking update-file '/usr/share/apps/kconf_update/klippershortcuts.upd' for new updates
2006-10-09T11:31:25 klippershortcuts.upd: Found new update '04112002'
2006-10-09T11:31:25 Checking update-file '/usr/share/apps/kconf_update/kmail.upd' for new updates
2006-10-09T11:31:25 kmail.upd: Found new update '1'
2006-10-09T11:31:25 kmail.upd: Running script 'upgrade-transport.pl'
2006-10-09T11:31:25 kmail.upd: Script removes kmailrc:sending mail:Mailer
2006-10-09T11:31:25 kmail.upd: Script removes kmailrc:sending mail:Method
2006-10-09T11:31:25 kmail.upd: Script removes kmailrc:sending mail:Precommand
2006-10-09T11:31:25 kmail.upd: Script removes kmailrc:sending mail:Smtp Host
2006-10-09T11:31:25 kmail.upd: Script removes kmailrc:sending mail:Smtp Password
2006-10-09T11:31:25 kmail.upd: Script removes kmailrc:sending mail:Smtp Port
2006-10-09T11:31:25 kmail.upd: Script removes kmailrc:sending mail:Smtp Username
2006-10-09T11:31:25 kmail.upd: Found new update '4'
2006-10-09T11:31:25 kmail.upd: Found new update '5'
2006-10-09T11:31:25 kmail.upd: Found new update '6'
2006-10-09T11:31:25 kmail.upd: Found new update '7'
2006-10-09T11:31:25 kmail.upd: Found new update '8'
2006-10-09T11:31:25 kmail.upd: Running script 'kmail-pgpidentity.pl'
2006-10-09T11:31:25 kmail.upd: Found new update '9'
2006-10-09T11:31:25 kmail.upd: Running script 'upgrade-signature.pl'
2006-10-09T11:31:25 kmail.upd: Found new update '3.1-update-identities'
2006-10-09T11:31:26 kmail.upd: Running script 'kmail-upd-identities.pl'
2006-10-09T11:31:26 kmail.upd: Found new update '3.1-use-identity-uoids'
2006-10-09T11:31:26 kmail.upd: Running script 'kmail-3.1-use-UOID-for-identities.pl'
2006-10-09T11:31:26 [Script] Use of uninitialized value in hash element at /usr/share/apps/kconf_update/kmail-3.1-use-UOID-for-identities.pl line 45, <> line 5.
2006-10-09T11:31:26 [Script] Use of uninitialized value in concatenation (.) or string at /usr/share/apps/kconf_update/kmail-3.1-use-UOID-for-identities.pl line 45, <> line 5.
2006-10-09T11:31:26 [Script] Use of uninitialized value in hash element at /usr/share/apps/kconf_update/kmail-3.1-use-UOID-for-identities.pl line 49, <> line 5.
2006-10-09T11:31:26 [Script] Use of uninitialized value in concatenation (.) or string at /usr/share/apps/kconf_update/kmail-3.1-use-UOID-for-identities.pl line 49, <> line 5.
2006-10-09T11:31:26 kmail.upd: Script removes kmailrc:General:Default Identity
2006-10-09T11:31:26 kmail.upd: Script removes kmailrc:Composer:previous-identity
2006-10-09T11:31:26 kmail.upd: Updating kmailrc:Composer:previous-identity to ''
2006-10-09T11:31:26 kmail.upd: Updating kmailrc:General:Default Identity to ''
2006-10-09T11:31:26 kmail.upd: Found new update '3.1-new-mail-notification'
2006-10-09T11:31:26 kmail.upd: Running script 'kmail-3.1-update-new-mail-notification-settings.pl'
2006-10-09T11:31:26 kmail.upd: Script removes kmailrc:General:msgbox-on-mail
2006-10-09T11:31:26 kmail.upd: Script removes kmailrc:General:exec-on-mail
2006-10-09T11:31:26 kmail.upd: Script removes kmailrc:General:exec-on-mail-cmd
2006-10-09T11:31:26 kmail.upd: Found new update '3.2-update-loop-on-goto-unread-settings'
2006-10-09T11:31:26 kmail.upd: Running script 'kmail-3.2-update-loop-on-goto-unread-settings.sh'
2006-10-09T11:31:26 kmail.upd: Found new update '3.1.4-dont-use-UOID-0-for-any-identity'
2006-10-09T11:31:26 kmail.upd: Running script 'kmail-3.1.4-dont-use-UOID-0-for-any-identity.pl'
2006-10-09T11:31:26 kmail.upd: Found new update '3.2-misc'
2006-10-09T11:31:26 kmail.upd: Running script 'kmail-3.2-misc.sh'
2006-10-09T11:31:26 kmail.upd: Found new update '3.2-moves'
2006-10-09T11:31:26 kmail.upd: Found new update '3.3-use-ID-for-accounts'
2006-10-09T11:31:26 kmail.upd: Running script 'kmail-3.3-use-ID-for-accounts.pl'
2006-10-09T11:31:26 kmail.upd: Found new update '3.3-update-filter-rules'
2006-10-09T11:31:26 kmail.upd: !! Script 'kmail-3.3-update-filter-rules.pl' not found in line 99 : 'Script=kmail-3.3-update-filter-rules.pl,perl'
2006-10-09T11:31:26 kmail.upd: Found new update '3.3-move-identities-to-own-file'
2006-10-09T11:31:26 kmail.upd: Running script 'kmail-3.3-move-identities.pl'
2006-10-09T11:31:26 kmail.upd: Script removes kmailrc:General:Default Identity
2006-10-09T11:31:26 kmail.upd: Updating emailidentities:General:Default Identity to ''
2006-10-09T11:31:26 kmail.upd: Found new update '3.3-aegypten-kpgprc-to-kmailrc'
2006-10-09T11:31:26 kmail.upd: Found new update '3.3-aegypten-kpgprc-to-libkleopatrarc'
2006-10-09T11:31:27 kmail.upd: Running script 'kmail-3.3-aegypten.pl'
2006-10-09T11:31:27 kmail.upd: Found new update '3.3-aegypten-emailidentities-split-sign-encr-keys'
2006-10-09T11:31:27 kmail.upd: Running script 'kmail-3.3-split-sign-encr-keys.sh'
2006-10-09T11:31:27 kmail.upd: Found new update '3.3-misc'
2006-10-09T11:31:27 kmail.upd: Running script 'kmail-3.3-misc.pl'
2006-10-09T11:31:27 kmail.upd: Found new update '3.3b1-misc'
2006-10-09T11:31:27 kmail.upd: Running script 'kmail-3.3b1-misc.pl'
2006-10-09T11:31:27 kmail.upd: Found new update '3.4'
2006-10-09T11:31:27 kmail.upd: Running script 'kmail-3.4-misc.pl'
2006-10-09T11:31:27 kmail.upd: Found new update '3.4a'
2006-10-09T11:31:27 kmail.upd: Found new update '3.4b'
2006-10-09T11:31:27 kmail.upd: Found new update '3.4.1'
2006-10-09T11:31:27 kmail.upd: Running script 'kmail-3.4.1-update-status-filters.pl'
2006-10-09T11:31:27 Checking update-file '/usr/share/apps/kconf_update/konqsidebartng.upd' for new updates
2006-10-09T11:31:27 konqsidebartng.upd: Found new update 'konqsidebartng_rc'
2006-10-09T11:31:27 konqsidebartng.upd: Found new update 'konqsidebartng_entries'
2006-10-09T11:31:27 konqsidebartng.upd: Running script 'move_konqsidebartng_entries.sh'
2006-10-09T11:31:27 Checking update-file '/usr/share/apps/kconf_update/konqueror_gestures_kde321_update.upd' for new updates
2006-10-09T11:31:27 konqueror_gestures_kde321_update.upd: Found new update 'kde321'
2006-10-09T11:31:27 konqueror_gestures_kde321_update.upd: Running script 'khotkeys_update' with arguments '--id konqueror_gestures_kde321'
2006-10-09T11:31:28 [Script] X Error: BadDevice, invalid or uninitialized input device 166
2006-10-09T11:31:28 [Script]   Major opcode:  144
2006-10-09T11:31:28 [Script]   Minor opcode:  3
2006-10-09T11:31:28 [Script]   Resource id:  0x0
2006-10-09T11:31:28 [Script] Failed to open device
2006-10-09T11:31:28 [Script] X Error: BadDevice, invalid or uninitialized input device 166
2006-10-09T11:31:28 [Script]   Major opcode:  144
2006-10-09T11:31:28 [Script]   Minor opcode:  3
2006-10-09T11:31:28 [Script]   Resource id:  0x0
2006-10-09T11:31:28 [Script] Failed to open device
2006-10-09T11:31:28 Checking update-file '/usr/share/apps/kconf_update/konsole.upd' for new updates
2006-10-09T11:31:28 konsole.upd: Found new update 'kde2.2/r1'
2006-10-09T11:31:28 konsole.upd: Found new update 'kde3.0/r1'
2006-10-09T11:31:28 konsole.upd: Running script 'schemaStrip.pl'
2006-10-09T11:31:29 konsole.upd: Updating konsolerc:Desktop Entry:AutoResizeTabs to 'true'
2006-10-09T11:31:29 konsole.upd: Updating konsolerc:Desktop Entry:bellmode to '1'
2006-10-09T11:31:29 konsole.upd: Updating konsolerc:Desktop Entry:schema to 'WhiteOnBlack.schema'
2006-10-09T11:31:29 konsole.upd: Updating konsolerc:Desktop Entry:tabbar to '2'
2006-10-09T11:31:29 konsole.upd: Updating konsolerc:Desktop Entry:wordseps to ':@-./_~?&=%+#'
2006-10-09T11:31:29 konsole.upd: Updating konsolerc:Shortcuts:next_session to 'Shift+Right;Ctrl+PageDown'
2006-10-09T11:31:29 konsole.upd: Updating konsolerc:Shortcuts:previous_session to 'Shift+Left;Ctrl+PageUp'
2006-10-09T11:31:29 Checking update-file '/usr/share/apps/kconf_update/korganizer.upd' for new updates
2006-10-09T11:31:29 korganizer.upd: Found new update 'korganizer_3.4_GroupwareCleanup'
2006-10-09T11:31:29 korganizer.upd: Found new update 'korganizer_3.4_WebExport'
2006-10-09T11:31:29 korganizer.upd: Found new update 'korganizer_3.4_FilterAction'
2006-10-09T11:31:29 korganizer.upd: Found new update 'korganizer_3.4_HolidayPlugin'
2006-10-09T11:31:29 Checking update-file '/usr/share/apps/kconf_update/kpgp.upd' for new updates
2006-10-09T11:31:29 kpgp.upd: Found new update 'preKDE3_a'
2006-10-09T11:31:29 kpgp.upd: Found new update '3.1-1'
2006-10-09T11:31:29 kpgp.upd: Running script 'kpgp-3.1-upgrade-address-data.pl'
2006-10-09T11:31:29 kpgp.upd: Script removes kpgprc:General:addressKeyEntries
2006-10-09T11:31:29 kpgp.upd: Script removes kpgprc:General:addressEntries
2006-10-09T11:31:29 kpgp.upd: Updating kpgprc:General:addressEntries to '0'
2006-10-09T11:31:29 Checking update-file '/usr/share/apps/kconf_update/ksmserver.upd' for new updates
2006-10-09T11:31:29 ksmserver.upd: Found new update 'kde3'
2006-10-09T11:31:29 ksmserver.upd: Running script 'move_session_config.sh'
2006-10-09T11:31:29 Checking update-file '/usr/share/apps/kconf_update/kuriikwsfilter.upd' for new updates
2006-10-09T11:31:29 kuriikwsfilter.upd: Found new update 'post-kde3.1/cvs'
2006-10-09T11:31:29 Checking update-file '/usr/share/apps/kconf_update/kwin.upd' for new updates
2006-10-09T11:31:29 kwin.upd: Found new update 'kde3.0r1'
2006-10-09T11:31:29 kwin.upd: Running script 'pluginlibFix.pl'
2006-10-09T11:31:29 kwin.upd: Updating kwinrc:Style:ButtonsOnLeft to 'M'
2006-10-09T11:31:29 kwin.upd: Updating kwinrc:Style:ButtonsOnRight to 'HIA_X'
2006-10-09T11:31:29 kwin.upd: Updating kwinrc:Style:CustomButtonPositions to 'true'
2006-10-09T11:31:29 kwin.upd: Updating kwinrc:Style:PluginLib to 'kwin3_crystal'
2006-10-09T11:31:29 kwin.upd: Updating kwinrc:Windows:TitlebarDoubleClickCommand to 'Maximize'
2006-10-09T11:31:29 kwin.upd: Found new update 'kde3.2Xinerama'
2006-10-09T11:31:29 Checking update-file '/usr/share/apps/kconf_update/kwin3_plugin.upd' for new updates
2006-10-09T11:31:29 kwin3_plugin.upd: Found new update 'kde3.2'
2006-10-09T11:31:29 kwin3_plugin.upd: Running script 'kwin3_plugin.pl'
2006-10-09T11:31:29 kwin3_plugin.upd: Updating kwinrc:Style:ButtonsOnLeft to 'M'
2006-10-09T11:31:29 kwin3_plugin.upd: Updating kwinrc:Style:ButtonsOnRight to 'HIA_X'
2006-10-09T11:31:29 kwin3_plugin.upd: Updating kwinrc:Style:CustomButtonPositions to 'true'
2006-10-09T11:31:29 kwin3_plugin.upd: Updating kwinrc:Style:PluginLib to 'kwin3_crystal'
2006-10-09T11:31:29 kwin3_plugin.upd: Updating kwinrc:Windows:TitlebarDoubleClickCommand to 'Maximize'
2006-10-09T11:31:29 Checking update-file '/usr/share/apps/kconf_update/kwin_focus1.upd' for new updates
2006-10-09T11:31:29 kwin_focus1.upd: Found new update 'kwin_focus1'
2006-10-09T11:31:29 kwin_focus1.upd: Running script 'kwin_focus1.sh'
2006-10-09T11:31:30 kwin_focus1.upd: Updating kwinrc:Windows:IgnoreFocusStealingClasses to 'kio_uiserver'
2006-10-09T11:31:30 kwin_focus1.upd: Updating kwinrc:Windows:TitlebarDoubleClickCommand to 'Maximize'
2006-10-09T11:31:30 Checking update-file '/usr/share/apps/kconf_update/kwin_focus2.upd' for new updates
2006-10-09T11:31:30 kwin_focus2.upd: Found new update 'kwin_focus2'
2006-10-09T11:31:30 kwin_focus2.upd: Running script 'kwin_focus2.sh'
2006-10-09T11:31:30 kwin_focus2.upd: Updating kwinrc:Windows:IgnoreFocusStealingClasses to 'kio_uiserver'
2006-10-09T11:31:30 kwin_focus2.upd: Updating kwinrc:Windows:TitlebarDoubleClickCommand to 'Maximize'
2006-10-09T11:31:30 Checking update-file '/usr/share/apps/kconf_update/kwiniconify.upd' for new updates
2006-10-09T11:31:30 kwiniconify.upd: Found new update 'iconifyupd3.1'
2006-10-09T11:31:30 Checking update-file '/usr/share/apps/kconf_update/kwinsticky.upd' for new updates
2006-10-09T11:31:30 kwinsticky.upd: Found new update 'stickyupd3.1'
2006-10-09T11:31:30 Checking update-file '/usr/share/apps/kconf_update/kwinupdatewindowsettings.upd' for new updates
2006-10-09T11:31:30 kwinupdatewindowsettings.upd: Found new update 'kde33b1'
2006-10-09T11:31:30 kwinupdatewindowsettings.upd: Running script 'kwin_update_window_settings'
2006-10-09T11:31:30 Checking update-file '/usr/share/apps/kconf_update/mouse_cursor_theme.upd' for new updates
2006-10-09T11:31:30 mouse_cursor_theme.upd: Found new update 'kde3.4.99'
2006-10-09T11:31:30 mouse_cursor_theme.upd: Updating kcminputrc:Mouse:cursorTheme to 'kubuntu'
2006-10-09T11:31:30 mouse_cursor_theme.upd: Removing kdeglobals:KDE:cursorTheme, moved.
2006-10-09T11:31:30 Checking update-file '/usr/share/apps/kconf_update/socks.upd' for new updates
2006-10-09T11:31:30 socks.upd: Found new update 'kde3.0/r1'
